<?xml version="1.0" encoding="UTF-8"?>
<testng-results total="1" passed="1" failed="0" skipped="0">
  <reporter-output>
  </reporter-output>
  <suite started-at="2024-12-12T14:57:41Z" name="Default suite" finished-at="2024-12-12T14:57:41Z" duration-ms="25">
    <groups>
    </groups>
    <test started-at="2024-12-12T14:57:41Z" name="Default test" finished-at="2024-12-12T14:57:41Z" duration-ms="25">
      <class name="com.testngclass.test.TestAppClass">
        <test-method is-config="true" signature="beforeSuite()[pri:0, instance:com.testngclass.test.TestAppClass@600b9d27]" started-at="2024-12-12T20:27:41Z" name="beforeSuite" finished-at="2024-12-12T20:27:41Z" duration-ms="9" status="PASS">
          <reporter-output>
          </reporter-output>
        </test-method> <!-- beforeSuite -->
        <test-method is-config="true" signature="beforeTest()[pri:0, instance:com.testngclass.test.TestAppClass@600b9d27]" started-at="2024-12-12T20:27:41Z" name="beforeTest" finished-at="2024-12-12T20:27:41Z" duration-ms="0" status="PASS">
          <reporter-output>
          </reporter-output>
        </test-method> <!-- beforeTest -->
        <test-method is-config="true" signature="beforeClass()[pri:0, instance:com.testngclass.test.TestAppClass@600b9d27]" started-at="2024-12-12T20:27:41Z" name="beforeClass" finished-at="2024-12-12T20:27:41Z" duration-ms="0" status="PASS">
          <reporter-output>
          </reporter-output>
        </test-method> <!-- beforeClass -->
        <test-method is-config="true" signature="beforeMethod()[pri:0, instance:com.testngclass.test.TestAppClass@600b9d27]" started-at="2024-12-12T20:27:41Z" name="beforeMethod" finished-at="2024-12-12T20:27:41Z" duration-ms="0" status="PASS">
          <reporter-output>
          </reporter-output>
        </test-method> <!-- beforeMethod -->
        <test-method signature="f()[pri:0, instance:com.testngclass.test.TestAppClass@600b9d27]" started-at="2024-12-12T20:27:41Z" name="f" finished-at="2024-12-12T20:27:41Z" duration-ms="7" status="PASS">
          <reporter-output>
          </reporter-output>
        </test-method> <!-- f -->
        <test-method is-config="true" signature="afterMethod()[pri:0, instance:com.testngclass.test.TestAppClass@600b9d27]" started-at="2024-12-12T20:27:41Z" name="afterMethod" finished-at="2024-12-12T20:27:41Z" duration-ms="0" status="PASS">
          <reporter-output>
          </reporter-output>
        </test-method> <!-- afterMethod -->
        <test-method is-config="true" signature="afterClass()[pri:0, instance:com.testngclass.test.TestAppClass@600b9d27]" started-at="2024-12-12T20:27:41Z" name="afterClass" finished-at="2024-12-12T20:27:41Z" duration-ms="0" status="PASS">
          <reporter-output>
          </reporter-output>
        </test-method> <!-- afterClass -->
        <test-method is-config="true" signature="afterTest()[pri:0, instance:com.testngclass.test.TestAppClass@600b9d27]" started-at="2024-12-12T20:27:41Z" name="afterTest" finished-at="2024-12-12T20:27:41Z" duration-ms="0" status="PASS">
          <reporter-output>
          </reporter-output>
        </test-method> <!-- afterTest -->
        <test-method is-config="true" signature="afterSuite()[pri:0, instance:com.testngclass.test.TestAppClass@600b9d27]" started-at="2024-12-12T20:27:41Z" name="afterSuite" finished-at="2024-12-12T20:27:41Z" duration-ms="0" status="PASS">
          <reporter-output>
          </reporter-output>
        </test-method> <!-- afterSuite -->
      </class> <!-- com.testngclass.test.TestAppClass -->
    </test> <!-- Default test -->
  </suite> <!-- Default suite -->
</testng-results>
